# JRE version: Java(TM) SE Runtime Environment (17.0.12+8) (build 17.0.12+8-LTS-286)
# Java VM: Java HotSpot(TM) 64-Bit Server VM (17.0.12+8-LTS-286, mixed mode, sharing, tiered, compressed oops, compressed class ptrs, g1 gc, windows-amd64)
GC Precious Log:
 CPUs: 12 total, 12 available
 Memory: 7863M
 Large Page Support: Disabled
 NUMA Support: Disabled
 Compressed Oops: Enabled (32-bit)
 Heap Region Size: 1M
 Heap Min Capacity: 8M
 Heap Initial Capacity: 124M
 Heap Max Capacity: 512M
 Pre-touch: Disabled
 Parallel Workers: 10
 Concurrent Workers: 3
 Concurrent Refinement Workers: 10
 Periodic GC: Disabled
Heap:
 garbage-first heap   total 524288K, used 296045K [0x00000000e0000000, 0x0000000100000000)
  region size 1024K, 41 young (41984K), 2 survivors (2048K)
 Metaspace       used 134708K, committed 137280K, reserved 344064K
  class space    used 18316K, committed 19520K, reserved 212992K
GC Heap History (20 events):
Event: 1030.984 GC heap before
{Heap before GC invocations=164 (full 0):
 garbage-first heap   total 524288K, used 398330K [0x00000000e0000000, 0x0000000100000000)
  region size 1024K, 132 young (135168K), 4 survivors (4096K)
 Metaspace       used 132744K, committed 134976K, reserved 344064K
  class space    used 18139K, committed 19200K, reserved 212992K
}
Event: 1030.996 GC heap after
{Heap after GC invocations=165 (full 0):
 garbage-first heap   total 524288K, used 278449K [0x00000000e0000000, 0x0000000100000000)
  region size 1024K, 15 young (15360K), 15 survivors (15360K)
 Metaspace       used 132744K, committed 134976K, reserved 344064K
  class space    used 18139K, committed 19200K, reserved 212992K
}
Event: 1033.470 GC heap before
{Heap before GC invocations=166 (full 0):
 garbage-first heap   total 524288K, used 414641K [0x00000000e0000000, 0x0000000100000000)
  region size 1024K, 148 young (151552K), 15 survivors (15360K)
 Metaspace       used 133200K, committed 135488K, reserved 344064K
  class space    used 18192K, committed 19264K, reserved 212992K
}
Event: 1033.487 GC heap after
{Heap after GC invocations=167 (full 0):
 garbage-first heap   total 524288K, used 288585K [0x00000000e0000000, 0x0000000100000000)
  region size 1024K, 11 young (11264K), 11 survivors (11264K)
 Metaspace       used 133200K, committed 135488K, reserved 344064K
  class space    used 18192K, committed 19264K, reserved 212992K
}
Event: 1036.132 GC heap before
{Heap before GC invocations=167 (full 0):
 garbage-first heap   total 524288K, used 302921K [0x00000000e0000000, 0x0000000100000000)
  region size 1024K, 25 young (25600K), 11 survivors (11264K)
 Metaspace       used 133241K, committed 135552K, reserved 344064K
  class space    used 18197K, committed 19264K, reserved 212992K
}
Event: 1036.146 GC heap after
{Heap after GC invocations=168 (full 0):
 garbage-first heap   total 524288K, used 282506K [0x00000000e0000000, 0x0000000100000000)
  region size 1024K, 2 young (2048K), 2 survivors (2048K)
 Metaspace       used 133241K, committed 135552K, reserved 344064K
  class space    used 18197K, committed 19264K, reserved 212992K
}
Event: 2596.428 GC heap before
{Heap before GC invocations=168 (full 0):
 garbage-first heap   total 524288K, used 419722K [0x00000000e0000000, 0x0000000100000000)
  region size 1024K, 137 young (140288K), 2 survivors (2048K)
 Metaspace       used 133679K, committed 136000K, reserved 344064K
  class space    used 18249K, committed 19328K, reserved 212992K
}
Event: 2596.590 GC heap after
{Heap after GC invocations=169 (full 0):
 garbage-first heap   total 524288K, used 283347K [0x00000000e0000000, 0x0000000100000000)
  region size 1024K, 3 young (3072K), 3 survivors (3072K)
 Metaspace       used 133679K, committed 136000K, reserved 344064K
  class space    used 18249K, committed 19328K, reserved 212992K
}
Event: 2604.283 GC heap before
{Heap before GC invocations=170 (full 0):
 garbage-first heap   total 524288K, used 430803K [0x00000000e0000000, 0x0000000100000000)
  region size 1024K, 147 young (150528K), 3 survivors (3072K)
 Metaspace       used 133822K, committed 136256K, reserved 344064K
  class space    used 18208K, committed 19392K, reserved 212992K
}
Event: 2604.350 GC heap after
{Heap after GC invocations=171 (full 0):
 garbage-first heap   total 524288K, used 303854K [0x00000000e0000000, 0x0000000100000000)
  region size 1024K, 19 young (19456K), 19 survivors (19456K)
 Metaspace       used 133822K, committed 136256K, reserved 344064K
  class space    used 18208K, committed 19392K, reserved 212992K
}
Event: 2605.134 GC heap before
{Heap before GC invocations=171 (full 0):
 garbage-first heap   total 524288K, used 309998K [0x00000000e0000000, 0x0000000100000000)
  region size 1024K, 25 young (25600K), 19 survivors (19456K)
 Metaspace       used 133843K, committed 136320K, reserved 344064K
  class space    used 18208K, committed 19392K, reserved 212992K
}
Event: 2605.304 GC heap after
{Heap after GC invocations=172 (full 0):
 garbage-first heap   total 524288K, used 293488K [0x00000000e0000000, 0x0000000100000000)
  region size 1024K, 4 young (4096K), 4 survivors (4096K)
 Metaspace       used 133843K, committed 136320K, reserved 344064K
  class space    used 18208K, committed 19392K, reserved 212992K
}
Event: 2608.538 GC heap before
{Heap before GC invocations=172 (full 0):
 garbage-first heap   total 524288K, used 423536K [0x00000000e0000000, 0x0000000100000000)
  region size 1024K, 132 young (135168K), 4 survivors (4096K)
 Metaspace       used 134344K, committed 136768K, reserved 344064K
  class space    used 18276K, committed 19392K, reserved 212992K
}
Event: 2608.556 GC heap after
{Heap after GC invocations=173 (full 0):
 garbage-first heap   total 524288K, used 312832K [0x00000000e0000000, 0x0000000100000000)
  region size 1024K, 17 young (17408K), 17 survivors (17408K)
 Metaspace       used 134344K, committed 136768K, reserved 344064K
  class space    used 18276K, committed 19392K, reserved 212992K
}
Event: 2630.897 GC heap before
{Heap before GC invocations=174 (full 0):
 garbage-first heap   total 524288K, used 422400K [0x00000000e0000000, 0x0000000100000000)
  region size 1024K, 128 young (131072K), 17 survivors (17408K)
 Metaspace       used 134343K, committed 136896K, reserved 344064K
  class space    used 18262K, committed 19456K, reserved 212992K
}
Event: 2630.924 GC heap after
{Heap after GC invocations=175 (full 0):
 garbage-first heap   total 524288K, used 324243K [0x00000000e0000000, 0x0000000100000000)
  region size 1024K, 14 young (14336K), 14 survivors (14336K)
 Metaspace       used 134343K, committed 136896K, reserved 344064K
  class space    used 18262K, committed 19456K, reserved 212992K
}
Event: 2631.465 GC heap before
{Heap before GC invocations=175 (full 0):
 garbage-first heap   total 524288K, used 335507K [0x00000000e0000000, 0x0000000100000000)
  region size 1024K, 25 young (25600K), 14 survivors (14336K)
 Metaspace       used 134345K, committed 136896K, reserved 344064K
  class space    used 18262K, committed 19456K, reserved 212992K
}
Event: 2631.493 GC heap after
{Heap after GC invocations=176 (full 0):
 garbage-first heap   total 524288K, used 280445K [0x00000000e0000000, 0x0000000100000000)
  region size 1024K, 3 young (3072K), 3 survivors (3072K)
 Metaspace       used 134345K, committed 136896K, reserved 344064K
  class space    used 18262K, committed 19456K, reserved 212992K
}
Event: 2668.696 GC heap before
{Heap before GC invocations=176 (full 0):
 garbage-first heap   total 524288K, used 302973K [0x00000000e0000000, 0x0000000100000000)
  region size 1024K, 25 young (25600K), 3 survivors (3072K)
 Metaspace       used 134564K, committed 137088K, reserved 344064K
  class space    used 18302K, committed 19456K, reserved 212992K
}
Event: 2668.810 GC heap after
{Heap after GC invocations=177 (full 0):
 garbage-first heap   total 524288K, used 258157K [0x00000000e0000000, 0x0000000100000000)
  region size 1024K, 2 young (2048K), 2 survivors (2048K)
 Metaspace       used 134564K, committed 137088K, reserved 344064K
  class space    used 18302K, committed 19456K, reserved 212992K
}

