# JRE version: Java(TM) SE Runtime Environment (17.0.12+8) (build 17.0.12+8-LTS-286)
# Java VM: Java HotSpot(TM) 64-Bit Server VM (17.0.12+8-LTS-286, mixed mode, sharing, tiered, compressed oops, compressed class ptrs, serial gc, windows-amd64)
GC Precious Log:
 CPUs: 12 total, 12 available
 Memory: 7863M
 Large Page Support: Disabled
 NUMA Support: Disabled
 Compressed Oops: Enabled (32-bit)
 Heap Min Capacity: 8M
 Heap Initial Capacity: 124M
 Heap Max Capacity: 1536M
 Pre-touch: Disabled
Heap:
 def new generation   total 189632K, used 31268K [0x00000000a0000000, 0x00000000acdc0000, 0x00000000c0000000)
  eden space 168576K,  18% used [0x00000000a0000000, 0x00000000a1e89230, 0x00000000aa4a0000)
  from space 21056K,   0% used [0x00000000aa4a0000, 0x00000000aa4a0000, 0x00000000ab930000)
  to   space 21056K,   0% used [0x00000000ab930000, 0x00000000ab930000, 0x00000000acdc0000)
 tenured generation   total 420820K, used 252490K [0x00000000c0000000, 0x00000000d9af5000, 0x0000000100000000)
   the space 420820K,  59% used [0x00000000c0000000, 0x00000000cf6928f8, 0x00000000cf692a00, 0x00000000d9af5000)
 Metaspace       used 131922K, committed 135424K, reserved 458752K
  class space    used 17932K, committed 19392K, reserved 327680K
GC Heap History (20 events):
Event: 1409.617 GC heap before
{Heap before GC invocations=68 (full 6):
 def new generation   total 172608K, used 162948K [0x00000000a0000000, 0x00000000abb40000, 0x00000000c0000000)
  eden space 153472K, 100% used [0x00000000a0000000, 0x00000000a95e0000, 0x00000000a95e0000)
  from space 19136K,  49% used [0x00000000a95e0000, 0x00000000a9f210b0, 0x00000000aa890000)
  to   space 19136K,   0% used [0x00000000aa890000, 0x00000000aa890000, 0x00000000abb40000)
 tenured generation   total 382864K, used 255566K [0x00000000c0000000, 0x00000000d75e4000, 0x0000000100000000)
   the space 382864K,  66% used [0x00000000c0000000, 0x00000000cf9939d8, 0x00000000cf993a00, 0x00000000d75e4000)
 Metaspace       used 127157K, committed 129600K, reserved 458752K
  class space    used 17561K, committed 18752K, reserved 327680K
}
Event: 1409.884 GC heap after
{Heap after GC invocations=69 (full 6):
 def new generation   total 172608K, used 19135K [0x00000000a0000000, 0x00000000abb40000, 0x00000000c0000000)
  eden space 153472K,   0% used [0x00000000a0000000, 0x00000000a0000000, 0x00000000a95e0000)
  from space 19136K,  99% used [0x00000000aa890000, 0x00000000abb3fff8, 0x00000000abb40000)
  to   space 19136K,   0% used [0x00000000a95e0000, 0x00000000a95e0000, 0x00000000aa890000)
 tenured generation   total 382864K, used 257515K [0x00000000c0000000, 0x00000000d75e4000, 0x0000000100000000)
   the space 382864K,  67% used [0x00000000c0000000, 0x00000000cfb7acf8, 0x00000000cfb7ae00, 0x00000000d75e4000)
 Metaspace       used 127157K, committed 129600K, reserved 458752K
  class space    used 17561K, committed 18752K, reserved 327680K
}
Event: 1414.217 GC heap before
{Heap before GC invocations=69 (full 6):
 def new generation   total 172608K, used 172607K [0x00000000a0000000, 0x00000000abb40000, 0x00000000c0000000)
  eden space 153472K, 100% used [0x00000000a0000000, 0x00000000a95e0000, 0x00000000a95e0000)
  from space 19136K,  99% used [0x00000000aa890000, 0x00000000abb3fff8, 0x00000000abb40000)
  to   space 19136K,   0% used [0x00000000a95e0000, 0x00000000a95e0000, 0x00000000aa890000)
 tenured generation   total 382864K, used 257515K [0x00000000c0000000, 0x00000000d75e4000, 0x0000000100000000)
   the space 382864K,  67% used [0x00000000c0000000, 0x00000000cfb7acf8, 0x00000000cfb7ae00, 0x00000000d75e4000)
 Metaspace       used 127692K, committed 130176K, reserved 458752K
  class space    used 17592K, committed 18752K, reserved 327680K
}
Event: 1414.422 GC heap after
{Heap after GC invocations=70 (full 6):
 def new generation   total 172608K, used 19135K [0x00000000a0000000, 0x00000000abb40000, 0x00000000c0000000)
  eden space 153472K,   0% used [0x00000000a0000000, 0x00000000a0000000, 0x00000000a95e0000)
  from space 19136K,  99% used [0x00000000a95e0000, 0x00000000aa88fff8, 0x00000000aa890000)
  to   space 19136K,   0% used [0x00000000aa890000, 0x00000000aa890000, 0x00000000abb40000)
 tenured generation   total 382864K, used 281492K [0x00000000c0000000, 0x00000000d75e4000, 0x0000000100000000)
   the space 382864K,  73% used [0x00000000c0000000, 0x00000000d12e5270, 0x00000000d12e5400, 0x00000000d75e4000)
 Metaspace       used 127692K, committed 130176K, reserved 458752K
  class space    used 17592K, committed 18752K, reserved 327680K
}
Event: 1418.497 GC heap before
{Heap before GC invocations=70 (full 6):
 def new generation   total 172608K, used 172607K [0x00000000a0000000, 0x00000000abb40000, 0x00000000c0000000)
  eden space 153472K, 100% used [0x00000000a0000000, 0x00000000a95e0000, 0x00000000a95e0000)
  from space 19136K,  99% used [0x00000000a95e0000, 0x00000000aa88fff8, 0x00000000aa890000)
  to   space 19136K,   0% used [0x00000000aa890000, 0x00000000aa890000, 0x00000000abb40000)
 tenured generation   total 382864K, used 281492K [0x00000000c0000000, 0x00000000d75e4000, 0x0000000100000000)
   the space 382864K,  73% used [0x00000000c0000000, 0x00000000d12e5270, 0x00000000d12e5400, 0x00000000d75e4000)
 Metaspace       used 128182K, committed 130688K, reserved 458752K
  class space    used 17624K, committed 18816K, reserved 327680K
}
Event: 1418.773 GC heap after
{Heap after GC invocations=71 (full 6):
 def new generation   total 172608K, used 19135K [0x00000000a0000000, 0x00000000abb40000, 0x00000000c0000000)
  eden space 153472K,   0% used [0x00000000a0000000, 0x00000000a0000000, 0x00000000a95e0000)
  from space 19136K,  99% used [0x00000000aa890000, 0x00000000abb3fff8, 0x00000000abb40000)
  to   space 19136K,   0% used [0x00000000a95e0000, 0x00000000a95e0000, 0x00000000aa890000)
 tenured generation   total 382864K, used 309491K [0x00000000c0000000, 0x00000000d75e4000, 0x0000000100000000)
   the space 382864K,  80% used [0x00000000c0000000, 0x00000000d2e3ce70, 0x00000000d2e3d000, 0x00000000d75e4000)
 Metaspace       used 128182K, committed 130688K, reserved 458752K
  class space    used 17624K, committed 18816K, reserved 327680K
}
Event: 1425.050 GC heap before
{Heap before GC invocations=71 (full 6):
 def new generation   total 172608K, used 172607K [0x00000000a0000000, 0x00000000abb40000, 0x00000000c0000000)
  eden space 153472K, 100% used [0x00000000a0000000, 0x00000000a95e0000, 0x00000000a95e0000)
  from space 19136K,  99% used [0x00000000aa890000, 0x00000000abb3fff8, 0x00000000abb40000)
  to   space 19136K,   0% used [0x00000000a95e0000, 0x00000000a95e0000, 0x00000000aa890000)
 tenured generation   total 382864K, used 309491K [0x00000000c0000000, 0x00000000d75e4000, 0x0000000100000000)
   the space 382864K,  80% used [0x00000000c0000000, 0x00000000d2e3ce70, 0x00000000d2e3d000, 0x00000000d75e4000)
 Metaspace       used 128653K, committed 131328K, reserved 458752K
  class space    used 17667K, committed 18944K, reserved 327680K
}
Event: 1425.242 GC heap after
{Heap after GC invocations=72 (full 6):
 def new generation   total 172608K, used 11472K [0x00000000a0000000, 0x00000000abb40000, 0x00000000c0000000)
  eden space 153472K,   0% used [0x00000000a0000000, 0x00000000a0000000, 0x00000000a95e0000)
  from space 19136K,  59% used [0x00000000a95e0000, 0x00000000aa114040, 0x00000000aa890000)
  to   space 19136K,   0% used [0x00000000aa890000, 0x00000000aa890000, 0x00000000abb40000)
 tenured generation   total 382864K, used 327967K [0x00000000c0000000, 0x00000000d75e4000, 0x0000000100000000)
   the space 382864K,  85% used [0x00000000c0000000, 0x00000000d4047d88, 0x00000000d4047e00, 0x00000000d75e4000)
 Metaspace       used 128653K, committed 131328K, reserved 458752K
  class space    used 17667K, committed 18944K, reserved 327680K
}
Event: 1525.971 GC heap before
{Heap before GC invocations=72 (full 6):
 def new generation   total 172608K, used 164944K [0x00000000a0000000, 0x00000000abb40000, 0x00000000c0000000)
  eden space 153472K, 100% used [0x00000000a0000000, 0x00000000a95e0000, 0x00000000a95e0000)
  from space 19136K,  59% used [0x00000000a95e0000, 0x00000000aa114040, 0x00000000aa890000)
  to   space 19136K,   0% used [0x00000000aa890000, 0x00000000aa890000, 0x00000000abb40000)
 tenured generation   total 382864K, used 327967K [0x00000000c0000000, 0x00000000d75e4000, 0x0000000100000000)
   the space 382864K,  85% used [0x00000000c0000000, 0x00000000d4047d88, 0x00000000d4047e00, 0x00000000d75e4000)
 Metaspace       used 131228K, committed 133888K, reserved 458752K
  class space    used 17997K, committed 19264K, reserved 327680K
}
Event: 1526.040 GC heap after
{Heap after GC invocations=73 (full 6):
 def new generation   total 172608K, used 6836K [0x00000000a0000000, 0x00000000abb40000, 0x00000000c0000000)
  eden space 153472K,   0% used [0x00000000a0000000, 0x00000000a0000000, 0x00000000a95e0000)
  from space 19136K,  35% used [0x00000000aa890000, 0x00000000aaf3d0c8, 0x00000000abb40000)
  to   space 19136K,   0% used [0x00000000a95e0000, 0x00000000a95e0000, 0x00000000aa890000)
 tenured generation   total 382864K, used 339118K [0x00000000c0000000, 0x00000000d75e4000, 0x0000000100000000)
   the space 382864K,  88% used [0x00000000c0000000, 0x00000000d4b2b870, 0x00000000d4b2ba00, 0x00000000d75e4000)
 Metaspace       used 131228K, committed 133888K, reserved 458752K
  class space    used 17997K, committed 19264K, reserved 327680K
}
Event: 6681.175 GC heap before
{Heap before GC invocations=73 (full 6):
 def new generation   total 172608K, used 160308K [0x00000000a0000000, 0x00000000abb40000, 0x00000000c0000000)
  eden space 153472K, 100% used [0x00000000a0000000, 0x00000000a95e0000, 0x00000000a95e0000)
  from space 19136K,  35% used [0x00000000aa890000, 0x00000000aaf3d0c8, 0x00000000abb40000)
  to   space 19136K,   0% used [0x00000000a95e0000, 0x00000000a95e0000, 0x00000000aa890000)
 tenured generation   total 382864K, used 339118K [0x00000000c0000000, 0x00000000d75e4000, 0x0000000100000000)
   the space 382864K,  88% used [0x00000000c0000000, 0x00000000d4b2b870, 0x00000000d4b2ba00, 0x00000000d75e4000)
 Metaspace       used 131785K, committed 134464K, reserved 458752K
  class space    used 18060K, committed 19328K, reserved 327680K
}
Event: 6682.187 GC heap after
{Heap after GC invocations=74 (full 6):
 def new generation   total 172608K, used 9097K [0x00000000a0000000, 0x00000000abb40000, 0x00000000c0000000)
  eden space 153472K,   0% used [0x00000000a0000000, 0x00000000a0000000, 0x00000000a95e0000)
  from space 19136K,  47% used [0x00000000a95e0000, 0x00000000a9ec27b0, 0x00000000aa890000)
  to   space 19136K,   0% used [0x00000000aa890000, 0x00000000aa890000, 0x00000000abb40000)
 tenured generation   total 382864K, used 339118K [0x00000000c0000000, 0x00000000d75e4000, 0x0000000100000000)
   the space 382864K,  88% used [0x00000000c0000000, 0x00000000d4b2b870, 0x00000000d4b2ba00, 0x00000000d75e4000)
 Metaspace       used 131785K, committed 134464K, reserved 458752K
  class space    used 18060K, committed 19328K, reserved 327680K
}
Event: 6699.921 GC heap before
{Heap before GC invocations=74 (full 6):
 def new generation   total 172608K, used 162569K [0x00000000a0000000, 0x00000000abb40000, 0x00000000c0000000)
  eden space 153472K, 100% used [0x00000000a0000000, 0x00000000a95e0000, 0x00000000a95e0000)
  from space 19136K,  47% used [0x00000000a95e0000, 0x00000000a9ec27b0, 0x00000000aa890000)
  to   space 19136K,   0% used [0x00000000aa890000, 0x00000000aa890000, 0x00000000abb40000)
 tenured generation   total 382864K, used 339118K [0x00000000c0000000, 0x00000000d75e4000, 0x0000000100000000)
   the space 382864K,  88% used [0x00000000c0000000, 0x00000000d4b2b870, 0x00000000d4b2ba00, 0x00000000d75e4000)
 Metaspace       used 132186K, committed 134976K, reserved 458752K
  class space    used 18083K, committed 19392K, reserved 327680K
}
Event: 6700.190 GC heap after
{Heap after GC invocations=75 (full 6):
 def new generation   total 172608K, used 19135K [0x00000000a0000000, 0x00000000abb40000, 0x00000000c0000000)
  eden space 153472K,   0% used [0x00000000a0000000, 0x00000000a0000000, 0x00000000a95e0000)
  from space 19136K,  99% used [0x00000000aa890000, 0x00000000abb3fff8, 0x00000000abb40000)
  to   space 19136K,   0% used [0x00000000a95e0000, 0x00000000a95e0000, 0x00000000aa890000)
 tenured generation   total 382864K, used 348467K [0x00000000c0000000, 0x00000000d75e4000, 0x0000000100000000)
   the space 382864K,  91% used [0x00000000c0000000, 0x00000000d544cc90, 0x00000000d544ce00, 0x00000000d75e4000)
 Metaspace       used 132186K, committed 134976K, reserved 458752K
  class space    used 18083K, committed 19392K, reserved 327680K
}
Event: 6703.067 GC heap before
{Heap before GC invocations=75 (full 6):
 def new generation   total 172608K, used 172607K [0x00000000a0000000, 0x00000000abb40000, 0x00000000c0000000)
  eden space 153472K, 100% used [0x00000000a0000000, 0x00000000a95e0000, 0x00000000a95e0000)
  from space 19136K,  99% used [0x00000000aa890000, 0x00000000abb3fff8, 0x00000000abb40000)
  to   space 19136K,   0% used [0x00000000a95e0000, 0x00000000a95e0000, 0x00000000aa890000)
 tenured generation   total 382864K, used 348467K [0x00000000c0000000, 0x00000000d75e4000, 0x0000000100000000)
   the space 382864K,  91% used [0x00000000c0000000, 0x00000000d544cc90, 0x00000000d544ce00, 0x00000000d75e4000)
 Metaspace       used 132421K, committed 135168K, reserved 458752K
  class space    used 18095K, committed 19392K, reserved 327680K
}
Event: 6703.216 GC heap after
{Heap after GC invocations=76 (full 6):
 def new generation   total 172608K, used 19136K [0x00000000a0000000, 0x00000000abb40000, 0x00000000c0000000)
  eden space 153472K,   0% used [0x00000000a0000000, 0x00000000a0000000, 0x00000000a95e0000)
  from space 19136K, 100% used [0x00000000a95e0000, 0x00000000aa890000, 0x00000000aa890000)
  to   space 19136K,   0% used [0x00000000aa890000, 0x00000000aa890000, 0x00000000abb40000)
 tenured generation   total 382864K, used 369825K [0x00000000c0000000, 0x00000000d75e4000, 0x0000000100000000)
   the space 382864K,  96% used [0x00000000c0000000, 0x00000000d6928798, 0x00000000d6928800, 0x00000000d75e4000)
 Metaspace       used 132421K, committed 135168K, reserved 458752K
  class space    used 18095K, committed 19392K, reserved 327680K
}
Event: 6705.536 GC heap before
{Heap before GC invocations=76 (full 6):
 def new generation   total 172608K, used 172608K [0x00000000a0000000, 0x00000000abb40000, 0x00000000c0000000)
  eden space 153472K, 100% used [0x00000000a0000000, 0x00000000a95e0000, 0x00000000a95e0000)
  from space 19136K, 100% used [0x00000000a95e0000, 0x00000000aa890000, 0x00000000aa890000)
  to   space 19136K,   0% used [0x00000000aa890000, 0x00000000aa890000, 0x00000000abb40000)
 tenured generation   total 382864K, used 369825K [0x00000000c0000000, 0x00000000d75e4000, 0x0000000100000000)
   the space 382864K,  96% used [0x00000000c0000000, 0x00000000d6928798, 0x00000000d6928800, 0x00000000d75e4000)
 Metaspace       used 132650K, committed 135424K, reserved 458752K
  class space    used 18099K, committed 19392K, reserved 327680K
}
Event: 6705.640 GC heap after
{Heap after GC invocations=77 (full 6):
 def new generation   total 172608K, used 19136K [0x00000000a0000000, 0x00000000abb40000, 0x00000000c0000000)
  eden space 153472K,   0% used [0x00000000a0000000, 0x00000000a0000000, 0x00000000a95e0000)
  from space 19136K, 100% used [0x00000000aa890000, 0x00000000abb40000, 0x00000000abb40000)
  to   space 19136K,   0% used [0x00000000a95e0000, 0x00000000a95e0000, 0x00000000aa890000)
 tenured generation   total 394768K, used 394696K [0x00000000c0000000, 0x00000000d8184000, 0x0000000100000000)
   the space 394768K,  99% used [0x00000000c0000000, 0x00000000d8172228, 0x00000000d8172400, 0x00000000d8184000)
 Metaspace       used 132650K, committed 135424K, reserved 458752K
  class space    used 18099K, committed 19392K, reserved 327680K
}
Event: 6705.640 GC heap before
{Heap before GC invocations=77 (full 6):
 def new generation   total 172608K, used 19136K [0x00000000a0000000, 0x00000000abb40000, 0x00000000c0000000)
  eden space 153472K,   0% used [0x00000000a0000000, 0x00000000a0000000, 0x00000000a95e0000)
  from space 19136K, 100% used [0x00000000aa890000, 0x00000000abb40000, 0x00000000abb40000)
  to   space 19136K,   0% used [0x00000000a95e0000, 0x00000000a95e0000, 0x00000000aa890000)
 tenured generation   total 394768K, used 394696K [0x00000000c0000000, 0x00000000d8184000, 0x0000000100000000)
   the space 394768K,  99% used [0x00000000c0000000, 0x00000000d8172228, 0x00000000d8172400, 0x00000000d8184000)
 Metaspace       used 132650K, committed 135424K, reserved 458752K
  class space    used 18099K, committed 19392K, reserved 327680K
}
Event: 6714.976 GC heap after
{Heap after GC invocations=77 (full 7):
 def new generation   total 189632K, used 0K [0x00000000a0000000, 0x00000000acdc0000, 0x00000000c0000000)
  eden space 168576K,   0% used [0x00000000a0000000, 0x00000000a0000000, 0x00000000aa4a0000)
  from space 21056K,   0% used [0x00000000aa4a0000, 0x00000000aa4a0000, 0x00000000ab930000)
  to   space 21056K,   0% used [0x00000000ab930000, 0x00000000ab930000, 0x00000000acdc0000)
 tenured generation   total 420820K, used 252490K [0x00000000c0000000, 0x00000000d9af5000, 0x0000000100000000)
   the space 420820K,  59% used [0x00000000c0000000, 0x00000000cf6928f8, 0x00000000cf692a00, 0x00000000d9af5000)
 Metaspace       used 131895K, committed 135424K, reserved 458752K
  class space    used 17929K, committed 19392K, reserved 327680K
}

